<?xml version="1.0" encoding="UTF-8"?>
<testng-results ignored="0" total="1" passed="0" failed="1" skipped="0">
  <reporter-output>
  </reporter-output>
  <suite started-at="2024-07-04T17:17:32 PET" name="Default suite" finished-at="2024-07-04T17:17:53 PET" duration-ms="20738">
    <groups>
      <group name="cucumber">
        <method signature="AbstractTestNGCucumberTests.runScenario(io.cucumber.testng.PickleWrapper,io.cucumber.testng.FeatureWrapper)[pri:0, instance:com.juiceshop.runner.TestRunner@7f0eb4b4]" name="runScenario" class="io.cucumber.testng.AbstractTestNGCucumberTests"/>
      </group> <!-- cucumber -->
    </groups>
    <test started-at="2024-07-04T17:17:32 PET" name="Default test" finished-at="2024-07-04T17:17:53 PET" duration-ms="20738">
      <class name="com.juiceshop.runner.TestRunner">
        <test-method is-config="true" signature="setUpClass(org.testng.ITestContext)[pri:0, instance:com.juiceshop.runner.TestRunner@7f0eb4b4]" started-at="2024-07-04T17:17:32 PET" name="setUpClass" finished-at="2024-07-04T17:17:33 PET" duration-ms="1475" status="PASS">
          <params>
            <param index="0">
              <value>
                <![CDATA[org.testng.TestRunner@5f2bd6d9]]>
              </value>
            </param>
          </params>
          <reporter-output>
          </reporter-output>
        </test-method> <!-- setUpClass -->
        <test-method signature="runScenario(io.cucumber.testng.PickleWrapper,io.cucumber.testng.FeatureWrapper)[pri:0, instance:com.juiceshop.runner.TestRunner@7f0eb4b4]" started-at="2024-07-04T17:17:33 PET" name="runScenario" description="Runs Cucumber Scenarios" data-provider="scenarios" finished-at="2024-07-04T17:17:49 PET" duration-ms="16042" status="FAIL">
          <params>
            <param index="0">
              <value>
                <![CDATA["Review my order history"]]>
              </value>
            </param>
            <param index="1">
              <value>
                <![CDATA["Review order history on Juice Shop"]]>
              </value>
            </param>
          </params>
          <exception class="java.lang.AssertionError">
            <message>
              <![CDATA[did not expect [2] but found [2]]]>
            </message>
            <full-stacktrace>
              <![CDATA[java.lang.AssertionError: did not expect [2] but found [2]
at org.testng.Assert.fail(Assert.java:99)
at org.testng.Assert.failEquals(Assert.java:1041)
at org.testng.Assert.assertNotEqualsImpl(Assert.java:147)
at org.testng.Assert.assertNotEquals(Assert.java:1531)
at org.testng.Assert.assertNotEquals(Assert.java:1535)
at com.juiceshop.steps.OrderHistorySteps.user_takes_a_screenshot_of_the_orders(OrderHistorySteps.java:59)
at âœ½.user takes a screenshot of the orders(file:///C:/Users/USUARIO/eclipse-workspace/ProjectJuiceShop/src/test/resources/features/orderhistory.feature:11)
]]>
            </full-stacktrace>
          </exception> <!-- java.lang.AssertionError -->
          <reporter-output>
          </reporter-output>
        </test-method> <!-- runScenario -->
        <test-method is-config="true" signature="tearDownClass()[pri:0, instance:com.juiceshop.runner.TestRunner@7f0eb4b4]" started-at="2024-07-04T17:17:49 PET" name="tearDownClass" finished-at="2024-07-04T17:17:53 PET" duration-ms="3165" status="PASS">
          <reporter-output>
          </reporter-output>
        </test-method> <!-- tearDownClass -->
      </class> <!-- com.juiceshop.runner.TestRunner -->
    </test> <!-- Default test -->
  </suite> <!-- Default suite -->
</testng-results>
